<?xml version="1.0" encoding="UTF-8"?>
<testng-results ignored="0" total="2" passed="2" failed="0" skipped="0">
  <reporter-output>
  </reporter-output>
  <suite started-at="2018-08-28T23:31:10Z" name="Suite1" finished-at="2018-08-28T23:31:23Z" duration-ms="13073">
    <groups>
    </groups>
    <test started-at="2018-08-28T23:31:10Z" name="Mozilla Firefox Test" finished-at="2018-08-28T23:31:16Z" duration-ms="5232">
      <class name="test.TestSuite_1">
        <test-method is-config="true" signature="setup(java.lang.String)[pri:0, instance:test.TestSuite_1@fd07cbb]" started-at="2018-08-28T23:31:10Z" name="setup" finished-at="2018-08-28T23:31:13Z" duration-ms="2519" status="PASS">
          <params>
            <param index="0">
              <value>
                <![CDATA[mozilla]]>
              </value>
            </param>
          </params>
          <reporter-output>
          </reporter-output>
        </test-method> <!-- setup -->
        <test-method is-config="true" signature="beforeTest()[pri:0, instance:test.TestSuite_1@fd07cbb]" started-at="2018-08-28T23:31:13Z" name="beforeTest" finished-at="2018-08-28T23:31:13Z" duration-ms="47" status="PASS">
          <reporter-output>
          </reporter-output>
        </test-method> <!-- beforeTest -->
        <test-method is-config="true" signature="afterTest()[pri:0, instance:test.TestSuite_1@fd07cbb]" started-at="2018-08-28T23:31:13Z" name="afterTest" finished-at="2018-08-28T23:31:16Z" duration-ms="2651" status="PASS">
          <reporter-output>
          </reporter-output>
        </test-method> <!-- afterTest -->
        <test-method signature="test1()[pri:0, instance:test.TestSuite_1@fd07cbb]" started-at="2018-08-28T23:31:13Z" name="test1" finished-at="2018-08-28T23:31:13Z" duration-ms="0" status="PASS">
          <reporter-output>
          </reporter-output>
        </test-method> <!-- test1 -->
      </class> <!-- test.TestSuite_1 -->
    </test> <!-- Mozilla Firefox Test -->
    <test started-at="2018-08-28T23:31:16Z" name="Google Chrome Test" finished-at="2018-08-28T23:31:23Z" duration-ms="7794">
      <class name="test.TestSuite_1">
        <test-method is-config="true" signature="setup(java.lang.String)[pri:0, instance:test.TestSuite_1@46fa7c39]" started-at="2018-08-28T23:31:16Z" name="setup" finished-at="2018-08-28T23:31:18Z" duration-ms="2528" status="PASS">
          <params>
            <param index="0">
              <value>
                <![CDATA[chrome]]>
              </value>
            </param>
          </params>
          <reporter-output>
          </reporter-output>
        </test-method> <!-- setup -->
        <test-method is-config="true" signature="beforeTest()[pri:0, instance:test.TestSuite_1@46fa7c39]" started-at="2018-08-28T23:31:18Z" name="beforeTest" finished-at="2018-08-28T23:31:19Z" duration-ms="1160" status="PASS">
          <reporter-output>
          </reporter-output>
        </test-method> <!-- beforeTest -->
        <test-method signature="test1()[pri:0, instance:test.TestSuite_1@46fa7c39]" started-at="2018-08-28T23:31:19Z" name="test1" finished-at="2018-08-28T23:31:19Z" duration-ms="4" status="PASS">
          <reporter-output>
          </reporter-output>
        </test-method> <!-- test1 -->
        <test-method is-config="true" signature="afterTest()[pri:0, instance:test.TestSuite_1@46fa7c39]" started-at="2018-08-28T23:31:19Z" name="afterTest" finished-at="2018-08-28T23:31:23Z" duration-ms="4098" status="PASS">
          <reporter-output>
          </reporter-output>
        </test-method> <!-- afterTest -->
      </class> <!-- test.TestSuite_1 -->
    </test> <!-- Google Chrome Test -->
  </suite> <!-- Suite1 -->
</testng-results>
