<?xml version="1.0" encoding="UTF-8"?>
<testng-results ignored="0" total="2" passed="2" failed="0" skipped="0">
  <reporter-output>
  </reporter-output>
  <suite started-at="2018-08-25T14:57:02Z" name="Suite1" finished-at="2018-08-25T14:57:18Z" duration-ms="16470">
    <groups>
    </groups>
    <test started-at="2018-08-25T14:57:02Z" name="Test1" finished-at="2018-08-25T14:57:09Z" duration-ms="7623">
      <class name="test.TestSuite_1">
        <test-method is-config="true" signature="beforeTest(java.lang.String)[pri:0, instance:test.TestSuite_1@fd07cbb]" started-at="2018-08-25T14:57:02Z" name="beforeTest" finished-at="2018-08-25T14:57:07Z" duration-ms="4953" status="PASS">
          <params>
            <param index="0">
              <value>
                <![CDATA[mozilla]]>
              </value>
            </param>
          </params>
          <reporter-output>
          </reporter-output>
        </test-method> <!-- beforeTest -->
        <test-method signature="test1(java.lang.String)[pri:0, instance:test.TestSuite_1@fd07cbb]" started-at="2018-08-25T14:57:07Z" name="test1" finished-at="2018-08-25T14:57:07Z" duration-ms="3" status="PASS">
          <params>
            <param index="0">
              <value>
                <![CDATA[mozilla]]>
              </value>
            </param>
          </params>
          <reporter-output>
          </reporter-output>
        </test-method> <!-- test1 -->
        <test-method is-config="true" signature="afterTest()[pri:0, instance:test.TestSuite_1@fd07cbb]" started-at="2018-08-25T14:57:07Z" name="afterTest" finished-at="2018-08-25T14:57:09Z" duration-ms="2654" status="PASS">
          <reporter-output>
          </reporter-output>
        </test-method> <!-- afterTest -->
      </class> <!-- test.TestSuite_1 -->
    </test> <!-- Test1 -->
    <test started-at="2018-08-25T14:57:09Z" name="Test2" finished-at="2018-08-25T14:57:18Z" duration-ms="8801">
      <class name="test.TestSuite_1">
        <test-method is-config="true" signature="beforeTest(java.lang.String)[pri:0, instance:test.TestSuite_1@46fa7c39]" started-at="2018-08-25T14:57:09Z" name="beforeTest" finished-at="2018-08-25T14:57:16Z" duration-ms="6183" status="PASS">
          <params>
            <param index="0">
              <value>
                <![CDATA[google]]>
              </value>
            </param>
          </params>
          <reporter-output>
          </reporter-output>
        </test-method> <!-- beforeTest -->
        <test-method signature="test1(java.lang.String)[pri:0, instance:test.TestSuite_1@46fa7c39]" started-at="2018-08-25T14:57:16Z" name="test1" finished-at="2018-08-25T14:57:16Z" duration-ms="1" status="PASS">
          <params>
            <param index="0">
              <value>
                <![CDATA[google]]>
              </value>
            </param>
          </params>
          <reporter-output>
          </reporter-output>
        </test-method> <!-- test1 -->
        <test-method is-config="true" signature="afterTest()[pri:0, instance:test.TestSuite_1@46fa7c39]" started-at="2018-08-25T14:57:16Z" name="afterTest" finished-at="2018-08-25T14:57:18Z" duration-ms="2616" status="PASS">
          <reporter-output>
          </reporter-output>
        </test-method> <!-- afterTest -->
      </class> <!-- test.TestSuite_1 -->
    </test> <!-- Test2 -->
  </suite> <!-- Suite1 -->
</testng-results>
